0 info it worked if it ends with ok
1 verbose cli [ 'node', '/usr/local/bin/npm', '-g', 'install', 'inherits' ]
2 info using npm@1.4.23
3 info using node@v0.10.31
4 verbose cache add [ 'inherits', null ]
5 verbose cache add name=undefined spec="inherits" args=["inherits",null]
6 verbose parsed url { protocol: null,
6 verbose parsed url   slashes: null,
6 verbose parsed url   auth: null,
6 verbose parsed url   host: null,
6 verbose parsed url   port: null,
6 verbose parsed url   hostname: null,
6 verbose parsed url   hash: null,
6 verbose parsed url   search: null,
6 verbose parsed url   query: null,
6 verbose parsed url   pathname: 'inherits',
6 verbose parsed url   path: 'inherits',
6 verbose parsed url   href: 'inherits' }
7 silly lockFile 06887701-inherits inherits
8 verbose lock inherits /Users/connieyuan/.npm/06887701-inherits.lock
9 silly lockFile 06887701-inherits inherits
10 silly lockFile 06887701-inherits inherits
11 verbose addNamed [ 'inherits', '' ]
12 verbose addNamed [ null, '*' ]
13 silly lockFile 399f6b9e-inherits inherits@
14 verbose lock inherits@ /Users/connieyuan/.npm/399f6b9e-inherits.lock
15 silly addNameRange { name: 'inherits', range: '*', hasData: false }
16 verbose request where is /inherits
17 verbose request registry https://registry.npmjs.org/
18 verbose request id 17e533645a3bf7e4
19 verbose url raw /inherits
20 verbose url resolving [ 'https://registry.npmjs.org/', './inherits' ]
21 verbose url resolved https://registry.npmjs.org/inherits
22 verbose request where is https://registry.npmjs.org/inherits
23 info trying registry request attempt 1 at 23:37:18
24 http GET https://registry.npmjs.org/inherits
25 http 200 https://registry.npmjs.org/inherits
26 silly registry.get cb [ 200,
26 silly registry.get   { date: 'Wed, 18 Feb 2015 07:37:19 GMT',
26 silly registry.get     server: 'CouchDB/1.5.0 (Erlang OTP/R16B03)',
26 silly registry.get     etag: '"6PS1S4KP0HV591J2MU7SP7CKF"',
26 silly registry.get     'content-type': 'application/json',
26 silly registry.get     'cache-control': 'max-age=60',
26 silly registry.get     'content-length': '6981',
26 silly registry.get     'accept-ranges': 'bytes',
26 silly registry.get     via: '1.1 varnish',
26 silly registry.get     age: '33',
26 silly registry.get     'x-served-by': 'cache-sjc3132-SJC',
26 silly registry.get     'x-cache': 'HIT',
26 silly registry.get     'x-cache-hits': '1',
26 silly registry.get     'x-timer': 'S1424245039.226336,VS0,VE0',
26 silly registry.get     vary: 'Accept',
26 silly registry.get     'keep-alive': 'timeout=10, max=50',
26 silly registry.get     connection: 'Keep-Alive' } ]
27 silly addNameRange number 2 { name: 'inherits', range: '*', hasData: true }
28 silly addNameRange versions [ 'inherits', [ '1.0.0', '2.0.0', '2.0.1' ] ]
29 verbose addNamed [ 'inherits', '2.0.1' ]
30 verbose addNamed [ '2.0.1', '2.0.1' ]
31 silly lockFile 2b2e8f1b-inherits-2-0-1 inherits@2.0.1
32 verbose lock inherits@2.0.1 /Users/connieyuan/.npm/2b2e8f1b-inherits-2-0-1.lock
33 silly lockFile 16eac1a5--org-inherits-inherits-2-0-1-tgz https://registry.npmjs.org/inherits/-/inherits-2.0.1.tgz
34 verbose lock https://registry.npmjs.org/inherits/-/inherits-2.0.1.tgz /Users/connieyuan/.npm/16eac1a5--org-inherits-inherits-2-0-1-tgz.lock
35 verbose addRemoteTarball [ 'https://registry.npmjs.org/inherits/-/inherits-2.0.1.tgz',
35 verbose addRemoteTarball   'b17d08d326b4423e568eff719f91b0b1cbdf69f1' ]
36 info retry fetch attempt 1 at 23:37:19
37 verbose fetch to= /var/folders/16/t7444y8j4l5__6bp40l3ty6r0000gn/T/npm-44760-B5j7ebn-/registry.npmjs.org/inherits/-/inherits-2.0.1.tgz
38 http GET https://registry.npmjs.org/inherits/-/inherits-2.0.1.tgz
39 http 200 https://registry.npmjs.org/inherits/-/inherits-2.0.1.tgz
40 silly lockFile 16eac1a5--org-inherits-inherits-2-0-1-tgz https://registry.npmjs.org/inherits/-/inherits-2.0.1.tgz
41 silly lockFile 16eac1a5--org-inherits-inherits-2-0-1-tgz https://registry.npmjs.org/inherits/-/inherits-2.0.1.tgz
42 silly lockFile 2b2e8f1b-inherits-2-0-1 inherits@2.0.1
43 silly lockFile 2b2e8f1b-inherits-2-0-1 inherits@2.0.1
44 silly lockFile 399f6b9e-inherits inherits@
45 silly lockFile 399f6b9e-inherits inherits@
46 silly resolved [ { name: 'inherits',
46 silly resolved     description: 'Browser-friendly inheritance fully compatible with standard node.js inherits()',
46 silly resolved     version: '2.0.1',
46 silly resolved     keywords:
46 silly resolved      [ 'inheritance',
46 silly resolved        'class',
46 silly resolved        'klass',
46 silly resolved        'oop',
46 silly resolved        'object-oriented',
46 silly resolved        'inherits',
46 silly resolved        'browser',
46 silly resolved        'browserify' ],
46 silly resolved     main: './inherits.js',
46 silly resolved     browser: './inherits_browser.js',
46 silly resolved     repository: { type: 'git', url: 'git://github.com/isaacs/inherits' },
46 silly resolved     license: 'ISC',
46 silly resolved     scripts: { test: 'node test' },
46 silly resolved     readme: 'Browser-friendly inheritance fully compatible with standard node.js\n[inherits](http://nodejs.org/api/util.html#util_util_inherits_constructor_superconstructor).\n\nThis package exports standard `inherits` from node.js `util` module in\nnode environment, but also provides alternative browser-friendly\nimplementation through [browser\nfield](https://gist.github.com/shtylman/4339901). Alternative\nimplementation is a literal copy of standard one located in standalone\nmodule to avoid requiring of `util`. It also has a shim for old\nbrowsers with no `Object.create` support.\n\nWhile keeping you sure you are using standard `inherits`\nimplementation in node.js environment, it allows bundlers such as\n[browserify](https://github.com/substack/node-browserify) to not\ninclude full `util` package to your client code if all you need is\njust `inherits` function. It worth, because browser shim for `util`\npackage is large and `inherits` is often the single function you need\nfrom it.\n\nIt\'s recommended to use this package instead of\n`require(\'util\').inherits` for any code that has chances to be used\nnot only in node.js but in browser too.\n\n## usage\n\n```js\nvar inherits = require(\'inherits\');\n// then use exactly as the standard one\n```\n\n## note on version ~1.0\n\nVersion ~1.0 had completely different motivation and is not compatible\nneither with 2.0 nor with standard node.js `inherits`.\n\nIf you are using version ~1.0 and planning to switch to ~2.0, be\ncareful:\n\n* new version uses `super_` instead of `super` for referencing\n  superclass\n* new version overwrites current prototype while old one preserves any\n  existing fields on it\n',
46 silly resolved     readmeFilename: 'README.md',
46 silly resolved     bugs: { url: 'https://github.com/isaacs/inherits/issues' },
46 silly resolved     _id: 'inherits@2.0.1',
46 silly resolved     dist:
46 silly resolved      { shasum: 'b17d08d326b4423e568eff719f91b0b1cbdf69f1',
46 silly resolved        tarball: 'http://registry.npmjs.org/inherits/-/inherits-2.0.1.tgz' },
46 silly resolved     _from: 'inherits@',
46 silly resolved     _npmVersion: '1.3.8',
46 silly resolved     _npmUser: { name: 'isaacs', email: 'i@izs.me' },
46 silly resolved     maintainers: [ [Object] ],
46 silly resolved     directories: {},
46 silly resolved     _shasum: 'b17d08d326b4423e568eff719f91b0b1cbdf69f1',
46 silly resolved     _resolved: 'https://registry.npmjs.org/inherits/-/inherits-2.0.1.tgz' } ]
47 info install inherits@2.0.1 into /usr/local/lib
48 info installOne inherits@2.0.1
49 verbose lib/node_modules/inherits unbuild
50 verbose tar unpack /Users/connieyuan/.npm/inherits/2.0.1/package.tgz
51 silly lockFile 7b8b2574--local-lib-node-modules-inherits tar:///usr/local/lib/node_modules/inherits
52 verbose lock tar:///usr/local/lib/node_modules/inherits /Users/connieyuan/.npm/7b8b2574--local-lib-node-modules-inherits.lock
53 silly lockFile 27cb4b84-n-npm-inherits-2-0-1-package-tgz tar:///Users/connieyuan/.npm/inherits/2.0.1/package.tgz
54 verbose lock tar:///Users/connieyuan/.npm/inherits/2.0.1/package.tgz /Users/connieyuan/.npm/27cb4b84-n-npm-inherits-2-0-1-package-tgz.lock
55 silly gunzTarPerm modes [ '755', '644' ]
56 error Error: EACCES, mkdir '/usr/local/lib/node_modules/inherits'
56 error  { [Error: EACCES, mkdir '/usr/local/lib/node_modules/inherits']
56 error   errno: 3,
56 error   code: 'EACCES',
56 error   path: '/usr/local/lib/node_modules/inherits',
56 error   fstream_type: 'Directory',
56 error   fstream_path: '/usr/local/lib/node_modules/inherits',
56 error   fstream_class: 'DirWriter',
56 error   fstream_stack:
56 error    [ '/usr/local/lib/node_modules/npm/node_modules/fstream/lib/dir-writer.js:36:23',
56 error      '/usr/local/lib/node_modules/npm/node_modules/mkdirp/index.js:46:53',
56 error      'Object.oncomplete (fs.js:107:15)' ] }
57 error Please try running this command again as root/Administrator.
58 error System Darwin 13.4.0
59 error command "node" "/usr/local/bin/npm" "-g" "install" "inherits"
60 error cwd /Users/connieyuan/Projects/JobFinder
61 error node -v v0.10.31
62 error npm -v 1.4.23
63 error path /usr/local/lib/node_modules/inherits
64 error fstream_path /usr/local/lib/node_modules/inherits
65 error fstream_type Directory
66 error fstream_class DirWriter
67 error code EACCES
68 error errno 3
69 error stack Error: EACCES, mkdir '/usr/local/lib/node_modules/inherits'
70 error fstream_stack /usr/local/lib/node_modules/npm/node_modules/fstream/lib/dir-writer.js:36:23
70 error fstream_stack /usr/local/lib/node_modules/npm/node_modules/mkdirp/index.js:46:53
70 error fstream_stack Object.oncomplete (fs.js:107:15)
71 verbose exit [ 3, true ]
